<?xml version="1.0" encoding="UTF-8"?>
<testng-results skipped="0" failed="1" total="3" passed="2">
  <reporter-output>
  </reporter-output>
  <suite name="Default suite" duration-ms="36364" started-at="2019-09-18T11:39:19Z" finished-at="2019-09-18T11:39:55Z">
    <groups>
    </groups>
    <test name="Default test" duration-ms="36364" started-at="2019-09-18T11:39:19Z" finished-at="2019-09-18T11:39:55Z">
      <class name="Auto_Assement.MainExample3">
        <test-method status="PASS" signature="Applaunch()[pri:0, instance:Auto_Assement.MainExample3@7cd62f43]" name="Applaunch" is-config="true" duration-ms="9721" started-at="2019-09-18T17:09:09Z" finished-at="2019-09-18T17:09:19Z">
          <reporter-output>
          </reporter-output>
        </test-method> <!-- Applaunch -->
        <test-method status="PASS" signature="Btest()[pri:0, instance:Auto_Assement.MainExample3@7cd62f43]" name="Btest" is-config="true" duration-ms="1" started-at="2019-09-18T17:09:19Z" finished-at="2019-09-18T17:09:19Z">
          <reporter-output>
          </reporter-output>
        </test-method> <!-- Btest -->
        <test-method status="PASS" signature="Signin()[pri:0, instance:Auto_Assement.MainExample3@7cd62f43]" name="Signin" duration-ms="2202" started-at="2019-09-18T17:09:19Z" finished-at="2019-09-18T17:09:21Z">
          <reporter-output>
          </reporter-output>
        </test-method> <!-- Signin -->
        <test-method status="PASS" signature="Excelread1()[pri:1, instance:Auto_Assement.MainExample3@7cd62f43]" name="Excelread1" duration-ms="2487" started-at="2019-09-18T17:09:21Z" finished-at="2019-09-18T17:09:23Z">
          <reporter-output>
          </reporter-output>
        </test-method> <!-- Excelread1 -->
        <test-method status="FAIL" signature="TshirtMenu()[pri:2, instance:Auto_Assement.MainExample3@7cd62f43]" name="TshirtMenu" duration-ms="29351" started-at="2019-09-18T17:09:23Z" finished-at="2019-09-18T17:09:53Z">
          <exception class="org.openqa.selenium.NoSuchElementException">
            <message>
              <![CDATA[no such element: Unable to locate element: {"method":"xpath","selector":"//p[@id='add_to_cart']/button"}
  (Session info: chrome=76.0.3809.132)
For documentation on this error, please visit: https://www.seleniumhq.org/exceptions/no_such_element.html
Build info: version: '3.141.59', revision: 'e82be7d358', time: '2018-11-14T08:25:48'
System info: host: 'CS78-PC', ip: '192.168.0.78', os.name: 'Windows 10', os.arch: 'amd64', os.version: '10.0', java.version: '1.8.0_77'
Driver info: org.openqa.selenium.chrome.ChromeDriver
Capabilities {acceptInsecureCerts: false, browserName: chrome, browserVersion: 76.0.3809.132, chrome: {chromedriverVersion: 76.0.3809.68 (420c9498db8ce..., userDataDir: C:\Users\POOJA~1.PAT\AppDat...}, goog:chromeOptions: {debuggerAddress: localhost:60572}, javascriptEnabled: true, networkConnectionEnabled: false, pageLoadStrategy: normal, platform: XP, platformName: XP, proxy: Proxy(), setWindowRect: true, strictFileInteractability: false, timeouts: {implicit: 0, pageLoad: 300000, script: 30000}, unhandledPromptBehavior: dismiss and notify}
Session ID: d25a4a40d8fcfc85293171175d766ded
*** Element info: {Using=xpath, value=//p[@id='add_to_cart']/button}]]>
            </message>
            <full-stacktrace>
              <![CDATA[org.openqa.selenium.NoSuchElementException: no such element: Unable to locate element: {"method":"xpath","selector":"//p[@id='add_to_cart']/button"}
  (Session info: chrome=76.0.3809.132)
For documentation on this error, please visit: https://www.seleniumhq.org/exceptions/no_such_element.html
Build info: version: '3.141.59', revision: 'e82be7d358', time: '2018-11-14T08:25:48'
System info: host: 'CS78-PC', ip: '192.168.0.78', os.name: 'Windows 10', os.arch: 'amd64', os.version: '10.0', java.version: '1.8.0_77'
Driver info: org.openqa.selenium.chrome.ChromeDriver
Capabilities {acceptInsecureCerts: false, browserName: chrome, browserVersion: 76.0.3809.132, chrome: {chromedriverVersion: 76.0.3809.68 (420c9498db8ce..., userDataDir: C:\Users\POOJA~1.PAT\AppDat...}, goog:chromeOptions: {debuggerAddress: localhost:60572}, javascriptEnabled: true, networkConnectionEnabled: false, pageLoadStrategy: normal, platform: XP, platformName: XP, proxy: Proxy(), setWindowRect: true, strictFileInteractability: false, timeouts: {implicit: 0, pageLoad: 300000, script: 30000}, unhandledPromptBehavior: dismiss and notify}
Session ID: d25a4a40d8fcfc85293171175d766ded
*** Element info: {Using=xpath, value=//p[@id='add_to_cart']/button}
	at sun.reflect.NativeConstructorAccessorImpl.newInstance0(Native Method)
	at sun.reflect.NativeConstructorAccessorImpl.newInstance(Unknown Source)
	at sun.reflect.DelegatingConstructorAccessorImpl.newInstance(Unknown Source)
	at java.lang.reflect.Constructor.newInstance(Unknown Source)
	at org.openqa.selenium.remote.http.W3CHttpResponseCodec.createException(W3CHttpResponseCodec.java:187)
	at org.openqa.selenium.remote.http.W3CHttpResponseCodec.decode(W3CHttpResponseCodec.java:122)
	at org.openqa.selenium.remote.http.W3CHttpResponseCodec.decode(W3CHttpResponseCodec.java:49)
	at org.openqa.selenium.remote.HttpCommandExecutor.execute(HttpCommandExecutor.java:158)
	at org.openqa.selenium.remote.service.DriverCommandExecutor.execute(DriverCommandExecutor.java:83)
	at org.openqa.selenium.remote.RemoteWebDriver.execute(RemoteWebDriver.java:552)
	at org.openqa.selenium.remote.RemoteWebDriver.findElement(RemoteWebDriver.java:323)
	at org.openqa.selenium.remote.RemoteWebDriver.findElementByXPath(RemoteWebDriver.java:428)
	at org.openqa.selenium.By$ByXPath.findElement(By.java:353)
	at org.openqa.selenium.remote.RemoteWebDriver.findElement(RemoteWebDriver.java:315)
	at Auto_Assement.Example3Methods.click(Example3Methods.java:99)
	at Auto_Assement.MainExample3.TshirtMenu(MainExample3.java:57)
	at sun.reflect.NativeMethodAccessorImpl.invoke0(Native Method)
	at sun.reflect.NativeMethodAccessorImpl.invoke(Unknown Source)
	at sun.reflect.DelegatingMethodAccessorImpl.invoke(Unknown Source)
	at java.lang.reflect.Method.invoke(Unknown Source)
	at org.testng.internal.MethodInvocationHelper.invokeMethod(MethodInvocationHelper.java:85)
	at org.testng.internal.Invoker.invokeMethod(Invoker.java:639)
	at org.testng.internal.Invoker.invokeTestMethod(Invoker.java:816)
	at org.testng.internal.Invoker.invokeTestMethods(Invoker.java:1124)
	at org.testng.internal.TestMethodWorker.invokeTestMethods(TestMethodWorker.java:125)
	at org.testng.internal.TestMethodWorker.run(TestMethodWorker.java:108)
	at org.testng.TestRunner.privateRun(TestRunner.java:774)
	at org.testng.TestRunner.run(TestRunner.java:624)
	at org.testng.SuiteRunner.runTest(SuiteRunner.java:359)
	at org.testng.SuiteRunner.runSequentially(SuiteRunner.java:354)
	at org.testng.SuiteRunner.privateRun(SuiteRunner.java:312)
	at org.testng.SuiteRunner.run(SuiteRunner.java:261)
	at org.testng.SuiteRunnerWorker.runSuite(SuiteRunnerWorker.java:52)
	at org.testng.SuiteRunnerWorker.run(SuiteRunnerWorker.java:86)
	at org.testng.TestNG.runSuitesSequentially(TestNG.java:1215)
	at org.testng.TestNG.runSuitesLocally(TestNG.java:1140)
	at org.testng.TestNG.run(TestNG.java:1048)
	at org.testng.remote.AbstractRemoteTestNG.run(AbstractRemoteTestNG.java:132)
	at org.testng.remote.RemoteTestNG.initAndRun(RemoteTestNG.java:230)
	at org.testng.remote.RemoteTestNG.main(RemoteTestNG.java:76)
]]>
            </full-stacktrace>
          </exception> <!-- org.openqa.selenium.NoSuchElementException -->
          <reporter-output>
          </reporter-output>
        </test-method> <!-- TshirtMenu -->
        <test-method status="PASS" signature="Signout()[pri:0, instance:Auto_Assement.MainExample3@7cd62f43]" name="Signout" is-config="true" duration-ms="2284" started-at="2019-09-18T17:09:53Z" finished-at="2019-09-18T17:09:55Z">
          <reporter-output>
          </reporter-output>
        </test-method> <!-- Signout -->
        <test-method status="PASS" signature="close()[pri:0, instance:Auto_Assement.MainExample3@7cd62f43]" name="close" is-config="true" duration-ms="168" started-at="2019-09-18T17:09:55Z" finished-at="2019-09-18T17:09:55Z">
          <reporter-output>
          </reporter-output>
        </test-method> <!-- close -->
      </class> <!-- Auto_Assement.MainExample3 -->
    </test> <!-- Default test -->
  </suite> <!-- Default suite -->
</testng-results>
